[24-May-2020 13:09:07] NOTICE: fpm is running, pid 2773
[24-May-2020 13:09:07] NOTICE: ready to handle connections
[24-May-2020 16:28:35] NOTICE: Terminating ...
[24-May-2020 16:28:35] NOTICE: exiting, bye-bye!
[25-May-2020 00:58:05] NOTICE: fpm is running, pid 16016
[25-May-2020 00:58:05] NOTICE: ready to handle connections
[25-May-2020 12:51:16] NOTICE: fpm is running, pid 5679
[25-May-2020 12:51:16] NOTICE: ready to handle connections
[25-May-2020 13:19:34] ERROR: Another FPM instance seems to already listen on /home/cedcoss/.config/Local/run/x0d5wPI8a/php/php-fpm.socket
[25-May-2020 13:19:34] ERROR: FPM initialization failed
[25-May-2020 13:19:35] ERROR: Another FPM instance seems to already listen on /home/cedcoss/.config/Local/run/x0d5wPI8a/php/php-fpm.socket
[25-May-2020 13:19:35] ERROR: FPM initialization failed
[25-May-2020 13:19:35] ERROR: Another FPM instance seems to already listen on /home/cedcoss/.config/Local/run/x0d5wPI8a/php/php-fpm.socket
[25-May-2020 13:19:35] ERROR: FPM initialization failed
[25-May-2020 13:19:36] ERROR: Another FPM instance seems to already listen on /home/cedcoss/.config/Local/run/x0d5wPI8a/php/php-fpm.socket
[25-May-2020 13:19:36] ERROR: FPM initialization failed
[25-May-2020 15:55:03] ERROR: Another FPM instance seems to already listen on /home/cedcoss/.config/Local/run/x0d5wPI8a/php/php-fpm.socket
[25-May-2020 15:55:03] ERROR: FPM initialization failed
[25-May-2020 15:55:03] ERROR: Another FPM instance seems to already listen on /home/cedcoss/.config/Local/run/x0d5wPI8a/php/php-fpm.socket
[25-May-2020 15:55:03] ERROR: FPM initialization failed
[25-May-2020 15:55:04] ERROR: Another FPM instance seems to already listen on /home/cedcoss/.config/Local/run/x0d5wPI8a/php/php-fpm.socket
[25-May-2020 15:55:04] ERROR: FPM initialization failed
[25-May-2020 15:55:04] ERROR: Another FPM instance seems to already listen on /home/cedcoss/.config/Local/run/x0d5wPI8a/php/php-fpm.socket
[25-May-2020 15:55:04] ERROR: FPM initialization failed
[25-May-2020 17:38:38] NOTICE: Terminating ...
[25-May-2020 17:38:38] NOTICE: exiting, bye-bye!
[27-May-2020 01:04:05] NOTICE: fpm is running, pid 5618
[27-May-2020 01:04:05] NOTICE: ready to handle connections
[27-May-2020 01:10:22] NOTICE: Terminating ...
[27-May-2020 01:10:22] NOTICE: exiting, bye-bye!
[27-May-2020 01:12:22] NOTICE: fpm is running, pid 2708
[27-May-2020 01:12:22] NOTICE: ready to handle connections
[27-May-2020 01:25:50] NOTICE: fpm is running, pid 2403
[27-May-2020 01:25:50] NOTICE: ready to handle connections
[27-May-2020 03:50:32] NOTICE: Terminating ...
[27-May-2020 03:50:32] NOTICE: exiting, bye-bye!
[27-May-2020 09:20:33] NOTICE: fpm is running, pid 3294
[27-May-2020 09:20:33] NOTICE: ready to handle connections
[27-May-2020 12:41:17] NOTICE: fpm is running, pid 2426
[27-May-2020 12:41:17] NOTICE: ready to handle connections
[27-May-2020 14:02:50] NOTICE: fpm is running, pid 2518
[27-May-2020 14:02:50] NOTICE: ready to handle connections
[27-May-2020 14:23:13] NOTICE: fpm is running, pid 2671
[27-May-2020 14:23:13] NOTICE: ready to handle connections
[27-May-2020 14:52:16] NOTICE: fpm is running, pid 2039
[27-May-2020 14:52:16] NOTICE: ready to handle connections
[27-May-2020 16:58:49] NOTICE: Terminating ...
[27-May-2020 18:50:17] NOTICE: fpm is running, pid 4709
[27-May-2020 18:50:17] NOTICE: ready to handle connections
[27-May-2020 22:00:50] NOTICE: fpm is running, pid 3246
[27-May-2020 22:00:50] NOTICE: ready to handle connections
[27-May-2020 23:01:13] NOTICE: fpm is running, pid 2759
[27-May-2020 23:01:13] NOTICE: ready to handle connections
[27-May-2020 23:49:33] NOTICE: fpm is running, pid 2405
[27-May-2020 23:49:33] NOTICE: ready to handle connections
[28-May-2020 02:36:41] NOTICE: Terminating ...
[28-May-2020 02:36:41] NOTICE: exiting, bye-bye!
[28-May-2020 09:42:08] NOTICE: fpm is running, pid 2099
[28-May-2020 09:42:08] NOTICE: ready to handle connections
[28-May-2020 13:24:20] ERROR: Another FPM instance seems to already listen on /home/cedcoss/.config/Local/run/x0d5wPI8a/php/php-fpm.socket
[28-May-2020 13:24:20] ERROR: FPM initialization failed
[28-May-2020 13:24:20] ERROR: Another FPM instance seems to already listen on /home/cedcoss/.config/Local/run/x0d5wPI8a/php/php-fpm.socket
[28-May-2020 13:24:20] ERROR: FPM initialization failed
[28-May-2020 13:24:21] ERROR: Another FPM instance seems to already listen on /home/cedcoss/.config/Local/run/x0d5wPI8a/php/php-fpm.socket
[28-May-2020 13:24:21] ERROR: FPM initialization failed
[28-May-2020 13:24:21] ERROR: Another FPM instance seems to already listen on /home/cedcoss/.config/Local/run/x0d5wPI8a/php/php-fpm.socket
[28-May-2020 13:24:21] ERROR: FPM initialization failed
[28-May-2020 18:20:40] NOTICE: fpm is running, pid 2426
[28-May-2020 18:20:40] NOTICE: ready to handle connections
[29-May-2020 02:25:28] NOTICE: fpm is running, pid 1732
[29-May-2020 02:25:28] NOTICE: ready to handle connections
[29-May-2020 02:36:44] NOTICE: Terminating ...
[29-May-2020 02:36:44] NOTICE: exiting, bye-bye!
[29-May-2020 13:27:29] NOTICE: fpm is running, pid 16966
[29-May-2020 13:27:29] NOTICE: ready to handle connections
[29-May-2020 16:58:47] NOTICE: fpm is running, pid 4701
[29-May-2020 16:58:47] NOTICE: ready to handle connections
[30-May-2020 01:20:04] NOTICE: fpm is running, pid 1820
[30-May-2020 01:20:04] NOTICE: ready to handle connections
[30-May-2020 02:46:28] NOTICE: Terminating ...
[30-May-2020 10:29:47] NOTICE: fpm is running, pid 2718
[30-May-2020 10:29:47] NOTICE: ready to handle connections
[30-May-2020 11:18:46] NOTICE: fpm is running, pid 2738
[30-May-2020 11:18:46] NOTICE: ready to handle connections
[30-May-2020 11:28:35] NOTICE: fpm is running, pid 2286
[30-May-2020 11:28:35] NOTICE: ready to handle connections
[30-May-2020 17:36:27] NOTICE: fpm is running, pid 4253
[30-May-2020 17:36:27] NOTICE: ready to handle connections
[01-Jun-2020 00:25:04] NOTICE: fpm is running, pid 6960
[01-Jun-2020 00:25:04] NOTICE: ready to handle connections
[01-Jun-2020 02:40:25] NOTICE: Terminating ...
[01-Jun-2020 09:22:03] NOTICE: fpm is running, pid 3732
[01-Jun-2020 09:22:03] NOTICE: ready to handle connections
[01-Jun-2020 10:20:34] NOTICE: fpm is running, pid 3676
[01-Jun-2020 10:20:34] NOTICE: ready to handle connections
